Using pre-set license
Built from '2020.3/staging' branch; Version is '2020.3.3f1 (76626098c1c4) revision 7758432'; Using compiler version '192528614'; Build Type 'Release'
OS: 'Windows 10 Home Single Language; OS build 19042.985; Version 2009; 64bit' Language: 'ru' Physical Memory: 8069 MB
BatchMode: 1, IsHumanControllingUs: 0, StartBugReporterOnCrash: 0, Is64bit: 1, IsPro: 0

 COMMAND LINE ARGUMENTS:
D:\unity\Unity Hub\2020.3.3f1\Editor\Unity.exe
-adb2
-batchMode
-noUpm
-name
AssetImportWorker0
-projectPath
D:/c#/Игра/platformer
-logFile
Logs/AssetImportWorker0.log
-srvPort
50321
Successfully changed project path to: D:/c#/Игра/platformer
D:/c#/Игра/platformer
Using Asset Import Pipeline V2.
Refreshing native plugins compatible for Editor in 63.29 ms, found 1 plugins.
Preloading 0 native plugins for Editor in 0.00 ms.
Initialize engine version: 2020.3.3f1 (76626098c1c4)
[Subsystems] Discovering subsystems at path D:/unity/Unity Hub/2020.3.3f1/Editor/Data/Resources/UnitySubsystems
[Subsystems] Discovering subsystems at path D:/c#/Игра/platformer/Assets
GfxDevice: creating device client; threaded=0
Direct3D:
    Version:  Direct3D 11.0 [level 11.1]
    Renderer: NVIDIA GeForce MX150 (ID=0x1d10)
    Vendor:   
    VRAM:     1983 MB
    Driver:   26.21.14.4223
Initialize mono
Mono path[0] = 'D:/unity/Unity Hub/2020.3.3f1/Editor/Data/Managed'
Mono path[1] = 'D:/unity/Unity Hub/2020.3.3f1/Editor/Data/MonoBleedingEdge/lib/mono/unityjit'
Mono config path = 'D:/unity/Unity Hub/2020.3.3f1/Editor/Data/MonoBleedingEdge/etc'
Using monoOptions --debugger-agent=transport=dt_socket,embedding=1,server=y,suspend=n,address=127.0.0.1:56424
Begin MonoManager ReloadAssembly
Registering precompiled unity dll's ...
Register platform support module: D:/unity/Unity Hub/2020.3.3f1/Editor/Data/PlaybackEngines/WebGLSupport/UnityEditor.WebGL.Extensions.dll
Register platform support module: D:/unity/Unity Hub/2020.3.3f1/Editor/Data/PlaybackEngines/WindowsStandaloneSupport/UnityEditor.WindowsStandalone.Extensions.dll
Registered in 0.001593 seconds.
Native extension for WindowsStandalone target not found
Native extension for WebGL target not found
Refreshing native plugins compatible for Editor in 41.69 ms, found 1 plugins.
Preloading 0 native plugins for Editor in 0.00 ms.
Invoked RoslynAnalysisRunner static constructor.
RoslynAnalysisRunner will not be running.
RoslynAnalysisRunner has terminated.
Mono: successfully reloaded assembly
- Completed reload, in  1.173 seconds
Platform modules already initialized, skipping
Registering precompiled user dll's ...
Registered in 0.000957 seconds.
Begin MonoManager ReloadAssembly
Native extension for WindowsStandalone target not found
Native extension for WebGL target not found
Refreshing native plugins compatible for Editor in 39.83 ms, found 1 plugins.
Preloading 0 native plugins for Editor in 0.00 ms.
Invoked RoslynAnalysisRunner static constructor.
RoslynAnalysisRunner will not be running.
RoslynAnalysisRunner has terminated.
Mono: successfully reloaded assembly
- Completed reload, in  0.980 seconds
Platform modules already initialized, skipping
========================================================================
Worker process is ready to serve import requests
Launched and connected shader compiler UnityShaderCompiler.exe after 0.10 seconds
Refreshing native plugins compatible for Editor in 0.36 ms, found 1 plugins.
Preloading 0 native plugins for Editor in 0.00 ms.
Unloading 1829 Unused Serialized files (Serialized files now loaded: 0)
System memory in use before: 85.4 MB.
System memory in use after: 85.4 MB.

Unloading 24 unused Assets to reduce memory usage. Loaded Objects now: 2273.
Total: 2.298500 ms (FindLiveObjects: 0.215200 ms CreateObjectMapping: 0.126500 ms MarkObjects: 1.819800 ms  DeleteObjects: 0.135700 ms)

========================================================================
Received Import Request.
  path: Assets/Scenes/DungeonRooms/basementMain.unity
  artifactKey: Guid(2cda990e2423bbf4892e6590ba056729) Importer(815301076,1909f56bfc062723c751e8b465ee728b)
Start importing Assets/Scenes/DungeonRooms/basementMain.unity using Guid(2cda990e2423bbf4892e6590ba056729) Importer(815301076,1909f56bfc062723c751e8b465ee728b)  -> (artifact id: '45dfd502c29f70ffcb1b1c1fca9f6d90') in 0.062782 seconds
  Import took 0.115877 seconds .

========================================================================
Received Prepare
Refreshing native plugins compatible for Editor in 1.37 ms, found 1 plugins.
Preloading 0 native plugins for Editor in 0.00 ms.
Unloading 10 Unused Serialized files (Serialized files now loaded: 0)
System memory in use before: 49.3 MB.
System memory in use after: 49.3 MB.

Unloading 10 unused Assets to reduce memory usage. Loaded Objects now: 2273.
Total: 5.739200 ms (FindLiveObjects: 0.307800 ms CreateObjectMapping: 0.132500 ms MarkObjects: 5.096600 ms  DeleteObjects: 0.199600 ms)

========================================================================
Received Import Request.
  Time since last request: 278.417382 seconds.
  path: Assets/Sprites/meat.png
  artifactKey: Guid(892de2dc7e87b0e468e692fde0a62ad2) Importer(815301076,1909f56bfc062723c751e8b465ee728b)
Start importing Assets/Sprites/meat.png using Guid(892de2dc7e87b0e468e692fde0a62ad2) Importer(815301076,1909f56bfc062723c751e8b465ee728b)  -> (artifact id: '0f8813566b9346a6b3a122d3fead55ad') in 0.298695 seconds
  Import took 0.319633 seconds .

========================================================================
Received Import Request.
  Time since last request: 211.952016 seconds.
  path: Assets/Ranged enemy.prefab
  artifactKey: Guid(d0672a7018ffa2f45935bb823cae7900) Importer(815301076,1909f56bfc062723c751e8b465ee728b)
Start importing Assets/Ranged enemy.prefab using Guid(d0672a7018ffa2f45935bb823cae7900) Importer(815301076,1909f56bfc062723c751e8b465ee728b)  -> (artifact id: 'b2fa9914f4ac42188a8cca372bd37cd0') in 0.074319 seconds
  Import took 0.085621 seconds .

========================================================================
Received Prepare
Registering precompiled user dll's ...
Registered in 0.000925 seconds.
Begin MonoManager ReloadAssembly
Native extension for WindowsStandalone target not found
Native extension for WebGL target not found
Refreshing native plugins compatible for Editor in 0.37 ms, found 1 plugins.
Preloading 0 native plugins for Editor in 0.00 ms.
Invoked RoslynAnalysisRunner static constructor.
RoslynAnalysisRunner will not be running.
RoslynAnalysisRunner has terminated.
Mono: successfully reloaded assembly
- Completed reload, in  0.929 seconds
Platform modules already initialized, skipping
Refreshing native plugins compatible for Editor in 0.37 ms, found 1 plugins.
Preloading 0 native plugins for Editor in 0.00 ms.
Unloading 1824 Unused Serialized files (Serialized files now loaded: 0)
System memory in use before: 88.5 MB.
System memory in use after: 88.5 MB.

Unloading 12 unused Assets to reduce memory usage. Loaded Objects now: 2287.
Total: 2.253800 ms (FindLiveObjects: 0.204800 ms CreateObjectMapping: 0.074400 ms MarkObjects: 1.862700 ms  DeleteObjects: 0.110900 ms)

========================================================================
Received Prepare
Registering precompiled user dll's ...
Registered in 0.000833 seconds.
Begin MonoManager ReloadAssembly
Native extension for WindowsStandalone target not found
Native extension for WebGL target not found
Refreshing native plugins compatible for Editor in 0.76 ms, found 1 plugins.
Preloading 0 native plugins for Editor in 0.00 ms.
Invoked RoslynAnalysisRunner static constructor.
RoslynAnalysisRunner will not be running.
RoslynAnalysisRunner has terminated.
Mono: successfully reloaded assembly
- Completed reload, in  1.343 seconds
Platform modules already initialized, skipping
Refreshing native plugins compatible for Editor in 0.70 ms, found 1 plugins.
Preloading 0 native plugins for Editor in 0.00 ms.
Unloading 1824 Unused Serialized files (Serialized files now loaded: 0)
System memory in use before: 88.6 MB.
System memory in use after: 88.5 MB.

Unloading 12 unused Assets to reduce memory usage. Loaded Objects now: 2291.
Total: 3.169400 ms (FindLiveObjects: 0.322500 ms CreateObjectMapping: 0.137500 ms MarkObjects: 2.568000 ms  DeleteObjects: 0.138800 ms)

========================================================================
Received Import Request.
  Time since last request: 159.872255 seconds.
  path: Assets/meat.prefab
  artifactKey: Guid(f5d7361929da615428a157ce30b797cb) Importer(815301076,1909f56bfc062723c751e8b465ee728b)
Start importing Assets/meat.prefab using Guid(f5d7361929da615428a157ce30b797cb) Importer(815301076,1909f56bfc062723c751e8b465ee728b)  -> (artifact id: '9b8275ea26607126921f478ede0b94a6') in 0.080400 seconds
  Import took 0.094232 seconds .

========================================================================
Received Prepare
Registering precompiled user dll's ...
Registered in 0.000932 seconds.
Begin MonoManager ReloadAssembly
Native extension for WindowsStandalone target not found
Native extension for WebGL target not found
Refreshing native plugins compatible for Editor in 0.41 ms, found 1 plugins.
Preloading 0 native plugins for Editor in 0.00 ms.
Invoked RoslynAnalysisRunner static constructor.
RoslynAnalysisRunner will not be running.
RoslynAnalysisRunner has terminated.
Mono: successfully reloaded assembly
- Completed reload, in  0.917 seconds
Platform modules already initialized, skipping
Refreshing native plugins compatible for Editor in 0.42 ms, found 1 plugins.
Preloading 0 native plugins for Editor in 0.00 ms.
Unloading 1824 Unused Serialized files (Serialized files now loaded: 0)
System memory in use before: 88.6 MB.
System memory in use after: 88.6 MB.

Unloading 12 unused Assets to reduce memory usage. Loaded Objects now: 2296.
Total: 2.545500 ms (FindLiveObjects: 0.197500 ms CreateObjectMapping: 0.071700 ms MarkObjects: 2.153100 ms  DeleteObjects: 0.122000 ms)

========================================================================
Received Import Request.
  Time since last request: 171.357121 seconds.
  path: Assets/Scripts/Bullet.cs
  artifactKey: Guid(5f61910b44c93c548a2e3781ce7af13d) Importer(815301076,1909f56bfc062723c751e8b465ee728b)
Start importing Assets/Scripts/Bullet.cs using Guid(5f61910b44c93c548a2e3781ce7af13d) Importer(815301076,1909f56bfc062723c751e8b465ee728b)  -> (artifact id: '7f780dcc23fd91633bc82da0d68e2949') in 0.020157 seconds
  Import took 0.033801 seconds .

========================================================================
Received Import Request.
  Time since last request: 0.010031 seconds.
  path: Assets/Scripts/Bullet.cs
  artifactKey: Guid(5f61910b44c93c548a2e3781ce7af13d) Importer(815301076,1909f56bfc062723c751e8b465ee728b)
Start importing Assets/Scripts/Bullet.cs using Guid(5f61910b44c93c548a2e3781ce7af13d) Importer(815301076,1909f56bfc062723c751e8b465ee728b)  -> (artifact id: '7f780dcc23fd91633bc82da0d68e2949') in 0.002014 seconds
  Import took 0.016040 seconds .

========================================================================
Received Prepare
Registering precompiled user dll's ...
Registered in 0.000847 seconds.
Begin MonoManager ReloadAssembly
Native extension for WindowsStandalone target not found
Native extension for WebGL target not found
Refreshing native plugins compatible for Editor in 0.37 ms, found 1 plugins.
Preloading 0 native plugins for Editor in 0.00 ms.
Invoked RoslynAnalysisRunner static constructor.
RoslynAnalysisRunner will not be running.
RoslynAnalysisRunner has terminated.
Mono: successfully reloaded assembly
- Completed reload, in  0.935 seconds
Platform modules already initialized, skipping
Refreshing native plugins compatible for Editor in 0.43 ms, found 1 plugins.
Preloading 0 native plugins for Editor in 0.00 ms.
Unloading 1824 Unused Serialized files (Serialized files now loaded: 0)
System memory in use before: 88.6 MB.
System memory in use after: 88.6 MB.

Unloading 12 unused Assets to reduce memory usage. Loaded Objects now: 2300.
Total: 2.615700 ms (FindLiveObjects: 0.275800 ms CreateObjectMapping: 0.071700 ms MarkObjects: 2.131200 ms  DeleteObjects: 0.135700 ms)

========================================================================
Received Import Request.
  Time since last request: 324.285503 seconds.
  path: Assets/ItemSpawner.prefab
  artifactKey: Guid(a3320d9f1c2cb2f4abcbc1a07d8d788d) Importer(815301076,1909f56bfc062723c751e8b465ee728b)
Start importing Assets/ItemSpawner.prefab using Guid(a3320d9f1c2cb2f4abcbc1a07d8d788d) Importer(815301076,1909f56bfc062723c751e8b465ee728b)  -> (artifact id: '5db92402824158f5f98a92820b27f178') in 0.101249 seconds
  Import took 0.114802 seconds .

========================================================================
Received Import Request.
  Time since last request: 12.435932 seconds.
  path: Assets/ItemSpawner.prefab
  artifactKey: Guid(a3320d9f1c2cb2f4abcbc1a07d8d788d) Importer(815301076,1909f56bfc062723c751e8b465ee728b)
Start importing Assets/ItemSpawner.prefab using Guid(a3320d9f1c2cb2f4abcbc1a07d8d788d) Importer(815301076,1909f56bfc062723c751e8b465ee728b)  -> (artifact id: '2dc43f25729f051740afea8c66f105e5') in 0.036906 seconds
  Import took 0.064090 seconds .

========================================================================
Received Import Request.
  Time since last request: 10.762539 seconds.
  path: Assets/ItemSpawner.prefab
  artifactKey: Guid(a3320d9f1c2cb2f4abcbc1a07d8d788d) Importer(815301076,1909f56bfc062723c751e8b465ee728b)
Start importing Assets/ItemSpawner.prefab using Guid(a3320d9f1c2cb2f4abcbc1a07d8d788d) Importer(815301076,1909f56bfc062723c751e8b465ee728b)  -> (artifact id: 'ca05974c010100ab2dee1f3e1599d2fc') in 0.007460 seconds
  Import took 0.037304 seconds .

========================================================================
Received Prepare
Registering precompiled user dll's ...
Registered in 0.000888 seconds.
Begin MonoManager ReloadAssembly
Native extension for WindowsStandalone target not found
Native extension for WebGL target not found
Refreshing native plugins compatible for Editor in 0.41 ms, found 1 plugins.
Preloading 0 native plugins for Editor in 0.00 ms.
Invoked RoslynAnalysisRunner static constructor.
RoslynAnalysisRunner will not be running.
RoslynAnalysisRunner has terminated.
Mono: successfully reloaded assembly
- Completed reload, in  0.934 seconds
Platform modules already initialized, skipping
Refreshing native plugins compatible for Editor in 0.62 ms, found 1 plugins.
Preloading 0 native plugins for Editor in 0.00 ms.
Unloading 1824 Unused Serialized files (Serialized files now loaded: 0)
System memory in use before: 88.6 MB.
System memory in use after: 88.6 MB.

Unloading 12 unused Assets to reduce memory usage. Loaded Objects now: 2304.
Total: 2.587500 ms (FindLiveObjects: 0.310600 ms CreateObjectMapping: 0.159300 ms MarkObjects: 1.991800 ms  DeleteObjects: 0.123800 ms)

========================================================================
Received Import Request.
  Time since last request: 168.870630 seconds.
  path: Assets/Ranged enemy.prefab
  artifactKey: Guid(d0672a7018ffa2f45935bb823cae7900) Importer(815301076,1909f56bfc062723c751e8b465ee728b)
Start importing Assets/Ranged enemy.prefab using Guid(d0672a7018ffa2f45935bb823cae7900) Importer(815301076,1909f56bfc062723c751e8b465ee728b)  -> (artifact id: '0d6682b4bbd611993ac41634d2055ba8') in 0.281153 seconds
  Import took 0.317614 seconds .

========================================================================
Received Import Request.
  Time since last request: 0.000373 seconds.
  path: Assets/Enemy.prefab
  artifactKey: Guid(0cb1f7f07e5599b4194542fbad4fd736) Importer(815301076,1909f56bfc062723c751e8b465ee728b)
Start importing Assets/Enemy.prefab using Guid(0cb1f7f07e5599b4194542fbad4fd736) Importer(815301076,1909f56bfc062723c751e8b465ee728b)  -> (artifact id: '58fe204252e826f360bf70f2ae6a297b') in 0.033798 seconds
  Import took 0.092460 seconds .

========================================================================
Received Prepare
Registering precompiled user dll's ...
Registered in 0.000875 seconds.
Begin MonoManager ReloadAssembly
Native extension for WindowsStandalone target not found
Native extension for WebGL target not found
Refreshing native plugins compatible for Editor in 0.68 ms, found 1 plugins.
Preloading 0 native plugins for Editor in 0.00 ms.
Invoked RoslynAnalysisRunner static constructor.
RoslynAnalysisRunner will not be running.
RoslynAnalysisRunner has terminated.
Mono: successfully reloaded assembly
- Completed reload, in  0.967 seconds
Platform modules already initialized, skipping
Refreshing native plugins compatible for Editor in 0.42 ms, found 1 plugins.
Preloading 0 native plugins for Editor in 0.00 ms.
Unloading 1824 Unused Serialized files (Serialized files now loaded: 0)
System memory in use before: 88.6 MB.
System memory in use after: 88.6 MB.

Unloading 12 unused Assets to reduce memory usage. Loaded Objects now: 2309.
Total: 2.736400 ms (FindLiveObjects: 0.280900 ms CreateObjectMapping: 0.155100 ms MarkObjects: 2.160300 ms  DeleteObjects: 0.137800 ms)

========================================================================
Received Import Request.
  Time since last request: 125.797428 seconds.
  path: Assets/Scripts/Spawners/Spawner.asset
  artifactKey: Guid(ea840255b5a36bf42a45ea19dcc59c9b) Importer(815301076,1909f56bfc062723c751e8b465ee728b)
Start importing Assets/Scripts/Spawners/Spawner.asset using Guid(ea840255b5a36bf42a45ea19dcc59c9b) Importer(815301076,1909f56bfc062723c751e8b465ee728b)  -> (artifact id: '0152874e89627313c2bd49af5b0b12fd') in 0.020131 seconds
  Import took 0.023758 seconds .

========================================================================
Received Import Request.
  Time since last request: 13.790513 seconds.
  path: Assets/EnemyFast Variant.prefab
  artifactKey: Guid(5dfd5891f183cdb4ea6e8b0cf5631ffa) Importer(815301076,1909f56bfc062723c751e8b465ee728b)
Start importing Assets/EnemyFast Variant.prefab using Guid(5dfd5891f183cdb4ea6e8b0cf5631ffa) Importer(815301076,1909f56bfc062723c751e8b465ee728b)  -> (artifact id: '3dec8a11d7ab80fc83816d0f85150c77') in 0.063698 seconds
  Import took 0.091896 seconds .

========================================================================
Received Import Request.
  Time since last request: 20.927148 seconds.
  path: Assets/Scripts/Spawners/BoomEnemy.asset
  artifactKey: Guid(ea840255b5a36bf42a45ea19dcc59c9b) Importer(815301076,1909f56bfc062723c751e8b465ee728b)
Start importing Assets/Scripts/Spawners/BoomEnemy.asset using Guid(ea840255b5a36bf42a45ea19dcc59c9b) Importer(815301076,1909f56bfc062723c751e8b465ee728b)  -> (artifact id: 'e90b1349cff46d32b8d3fa0a457bad4d') in 0.009694 seconds
  Import took 0.030658 seconds .

========================================================================
Received Import Request.
  Time since last request: 35.461501 seconds.
  path: Assets/Scripts/Spawners/BoomEnemy.asset
  artifactKey: Guid(ea840255b5a36bf42a45ea19dcc59c9b) Importer(815301076,1909f56bfc062723c751e8b465ee728b)
Start importing Assets/Scripts/Spawners/BoomEnemy.asset using Guid(ea840255b5a36bf42a45ea19dcc59c9b) Importer(815301076,1909f56bfc062723c751e8b465ee728b)  -> (artifact id: '9add4816a8b141e3632e1958876670f5') in 0.004067 seconds
  Import took 0.037154 seconds .

========================================================================
Received Import Request.
  Time since last request: 9.620048 seconds.
  path: Assets/Scripts/Spawners/BoomEnemy.asset
  artifactKey: Guid(ea840255b5a36bf42a45ea19dcc59c9b) Importer(815301076,1909f56bfc062723c751e8b465ee728b)
Start importing Assets/Scripts/Spawners/BoomEnemy.asset using Guid(ea840255b5a36bf42a45ea19dcc59c9b) Importer(815301076,1909f56bfc062723c751e8b465ee728b)  -> (artifact id: 'caa5de9e0d42899c2bdbbdbbb586a722') in 0.003773 seconds
  Import took 0.046133 seconds .

========================================================================
Received Import Request.
  Time since last request: 29.520655 seconds.
  path: Assets/Scenes/DungeonRooms/basementBasic2.unity
  artifactKey: Guid(51325b606ab584f4682bd31ba7669141) Importer(815301076,1909f56bfc062723c751e8b465ee728b)
Start importing Assets/Scenes/DungeonRooms/basementBasic2.unity using Guid(51325b606ab584f4682bd31ba7669141) Importer(815301076,1909f56bfc062723c751e8b465ee728b)  -> (artifact id: 'd831d7040b1844b29de51403548b7275') in 0.009959 seconds
  Import took 0.086302 seconds .

========================================================================
Received Import Request.
  Time since last request: 33.522714 seconds.
  path: Assets/Scripts/Spawners/ChaseEnemyRange.asset
  artifactKey: Guid(ae5eba3fd044dc847a037162ec14fe2e) Importer(815301076,1909f56bfc062723c751e8b465ee728b)
Start importing Assets/Scripts/Spawners/ChaseEnemyRange.asset using Guid(ae5eba3fd044dc847a037162ec14fe2e) Importer(815301076,1909f56bfc062723c751e8b465ee728b)  -> (artifact id: '25152315d684fb66e0e3fa2673d0520b') in 0.028932 seconds
  Import took 0.106847 seconds .

========================================================================
Received Import Request.
  Time since last request: 27.129814 seconds.
  path: Assets/Scenes/DungeonRooms/basementMain.unity
  artifactKey: Guid(2cda990e2423bbf4892e6590ba056729) Importer(815301076,1909f56bfc062723c751e8b465ee728b)
Start importing Assets/Scenes/DungeonRooms/basementMain.unity using Guid(2cda990e2423bbf4892e6590ba056729) Importer(815301076,1909f56bfc062723c751e8b465ee728b)  -> (artifact id: '79b100d8985f6b4ee80a0475b008d05f') in 0.105384 seconds
  Import took 0.161951 seconds .

========================================================================
Received Prepare
Registering precompiled user dll's ...
Registered in 0.001316 seconds.
Begin MonoManager ReloadAssembly
Native extension for WindowsStandalone target not found
Native extension for WebGL target not found
Refreshing native plugins compatible for Editor in 0.40 ms, found 1 plugins.
Preloading 0 native plugins for Editor in 0.00 ms.
Invoked RoslynAnalysisRunner static constructor.
RoslynAnalysisRunner will not be running.
RoslynAnalysisRunner has terminated.
Mono: successfully reloaded assembly
- Completed reload, in  0.944 seconds
Platform modules already initialized, skipping
Refreshing native plugins compatible for Editor in 0.68 ms, found 1 plugins.
Preloading 0 native plugins for Editor in 0.00 ms.
Unloading 1824 Unused Serialized files (Serialized files now loaded: 0)
System memory in use before: 88.7 MB.
System memory in use after: 88.7 MB.

Unloading 12 unused Assets to reduce memory usage. Loaded Objects now: 2314.
Total: 2.691900 ms (FindLiveObjects: 0.225700 ms CreateObjectMapping: 0.078000 ms MarkObjects: 2.264300 ms  DeleteObjects: 0.121800 ms)

========================================================================
Received Prepare
Registering precompiled user dll's ...
Registered in 0.000960 seconds.
Begin MonoManager ReloadAssembly
Native extension for WindowsStandalone target not found
Native extension for WebGL target not found
Refreshing native plugins compatible for Editor in 0.38 ms, found 1 plugins.
Preloading 0 native plugins for Editor in 0.00 ms.
Invoked RoslynAnalysisRunner static constructor.
RoslynAnalysisRunner will not be running.
RoslynAnalysisRunner has terminated.
Mono: successfully reloaded assembly
- Completed reload, in  0.888 seconds
Platform modules already initialized, skipping
Refreshing native plugins compatible for Editor in 0.36 ms, found 1 plugins.
Preloading 0 native plugins for Editor in 0.00 ms.
Unloading 1824 Unused Serialized files (Serialized files now loaded: 0)
System memory in use before: 88.7 MB.
System memory in use after: 88.7 MB.

Unloading 12 unused Assets to reduce memory usage. Loaded Objects now: 2318.
Total: 2.806600 ms (FindLiveObjects: 0.277600 ms CreateObjectMapping: 0.112500 ms MarkObjects: 2.281900 ms  DeleteObjects: 0.132800 ms)

========================================================================
Received Import Request.
  Time since last request: 62.035248 seconds.
  path: Assets/EnemyFast Variant.prefab
  artifactKey: Guid(5dfd5891f183cdb4ea6e8b0cf5631ffa) Importer(815301076,1909f56bfc062723c751e8b465ee728b)
Start importing Assets/EnemyFast Variant.prefab using Guid(5dfd5891f183cdb4ea6e8b0cf5631ffa) Importer(815301076,1909f56bfc062723c751e8b465ee728b)  -> (artifact id: '891b4912e060f8f875a24b8af4f09a1d') in 0.062827 seconds
  Import took 0.134874 seconds .

========================================================================
Received Import Request.
  Time since last request: 0.059494 seconds.
  path: Assets/EnemyFast Variant.prefab
  artifactKey: Guid(5dfd5891f183cdb4ea6e8b0cf5631ffa) Importer(815301076,1909f56bfc062723c751e8b465ee728b)
Start importing Assets/EnemyFast Variant.prefab using Guid(5dfd5891f183cdb4ea6e8b0cf5631ffa) Importer(815301076,1909f56bfc062723c751e8b465ee728b)  -> (artifact id: '891b4912e060f8f875a24b8af4f09a1d') in 0.008543 seconds
  Import took 0.013021 seconds .

========================================================================
Received Prepare
Registering precompiled user dll's ...
Registered in 0.000938 seconds.
Begin MonoManager ReloadAssembly
Native extension for WindowsStandalone target not found
Native extension for WebGL target not found
Refreshing native plugins compatible for Editor in 0.68 ms, found 1 plugins.
Preloading 0 native plugins for Editor in 0.00 ms.
Invoked RoslynAnalysisRunner static constructor.
RoslynAnalysisRunner will not be running.
RoslynAnalysisRunner has terminated.
Mono: successfully reloaded assembly
- Completed reload, in  0.981 seconds
Platform modules already initialized, skipping
Refreshing native plugins compatible for Editor in 0.42 ms, found 1 plugins.
Preloading 0 native plugins for Editor in 0.00 ms.
Unloading 1824 Unused Serialized files (Serialized files now loaded: 0)
System memory in use before: 88.7 MB.
System memory in use after: 88.7 MB.

Unloading 12 unused Assets to reduce memory usage. Loaded Objects now: 2323.
Total: 2.473800 ms (FindLiveObjects: 0.198800 ms CreateObjectMapping: 0.073100 ms MarkObjects: 2.079000 ms  DeleteObjects: 0.121800 ms)

========================================================================
Received Prepare
Registering precompiled user dll's ...
Registered in 0.000853 seconds.
Begin MonoManager ReloadAssembly
Native extension for WindowsStandalone target not found
Native extension for WebGL target not found
Refreshing native plugins compatible for Editor in 0.74 ms, found 1 plugins.
Preloading 0 native plugins for Editor in 0.00 ms.
Invoked RoslynAnalysisRunner static constructor.
RoslynAnalysisRunner will not be running.
RoslynAnalysisRunner has terminated.
Mono: successfully reloaded assembly
- Completed reload, in  0.993 seconds
Platform modules already initialized, skipping
Refreshing native plugins compatible for Editor in 0.36 ms, found 1 plugins.
Preloading 0 native plugins for Editor in 0.00 ms.
Unloading 1824 Unused Serialized files (Serialized files now loaded: 0)
System memory in use before: 88.7 MB.
System memory in use after: 88.7 MB.

Unloading 12 unused Assets to reduce memory usage. Loaded Objects now: 2327.
Total: 2.576500 ms (FindLiveObjects: 0.314100 ms CreateObjectMapping: 0.092600 ms MarkObjects: 2.049000 ms  DeleteObjects: 0.119600 ms)

========================================================================
Received Prepare
Registering precompiled user dll's ...
Registered in 0.000898 seconds.
Begin MonoManager ReloadAssembly
Native extension for WindowsStandalone target not found
Native extension for WebGL target not found
Refreshing native plugins compatible for Editor in 0.47 ms, found 1 plugins.
Preloading 0 native plugins for Editor in 0.00 ms.
Invoked RoslynAnalysisRunner static constructor.
RoslynAnalysisRunner will not be running.
RoslynAnalysisRunner has terminated.
Mono: successfully reloaded assembly
- Completed reload, in  0.966 seconds
Platform modules already initialized, skipping
Refreshing native plugins compatible for Editor in 0.61 ms, found 1 plugins.
Preloading 0 native plugins for Editor in 0.00 ms.
Unloading 1824 Unused Serialized files (Serialized files now loaded: 0)
System memory in use before: 88.7 MB.
System memory in use after: 88.7 MB.

Unloading 12 unused Assets to reduce memory usage. Loaded Objects now: 2331.
Total: 2.703300 ms (FindLiveObjects: 0.381000 ms CreateObjectMapping: 0.139500 ms MarkObjects: 2.055900 ms  DeleteObjects: 0.125100 ms)

========================================================================
Received Prepare
Registering precompiled user dll's ...
Registered in 0.000989 seconds.
Begin MonoManager ReloadAssembly
Native extension for WindowsStandalone target not found
Native extension for WebGL target not found
Refreshing native plugins compatible for Editor in 0.44 ms, found 1 plugins.
Preloading 0 native plugins for Editor in 0.00 ms.
Invoked RoslynAnalysisRunner static constructor.
RoslynAnalysisRunner will not be running.
RoslynAnalysisRunner has terminated.
Mono: successfully reloaded assembly
- Completed reload, in  1.149 seconds
Platform modules already initialized, skipping
Refreshing native plugins compatible for Editor in 0.41 ms, found 1 plugins.
Preloading 0 native plugins for Editor in 0.00 ms.
Unloading 1824 Unused Serialized files (Serialized files now loaded: 0)
System memory in use before: 88.8 MB.
System memory in use after: 88.7 MB.

Unloading 12 unused Assets to reduce memory usage. Loaded Objects now: 2335.
Total: 2.384400 ms (FindLiveObjects: 0.217300 ms CreateObjectMapping: 0.084000 ms MarkObjects: 1.954800 ms  DeleteObjects: 0.126800 ms)

========================================================================
Received Import Request.
  Time since last request: 383.662146 seconds.
  path: Assets/Bullet.prefab
  artifactKey: Guid(d2485b8e53db46c4cbf1b3aeb45ce80a) Importer(815301076,1909f56bfc062723c751e8b465ee728b)
Start importing Assets/Bullet.prefab using Guid(d2485b8e53db46c4cbf1b3aeb45ce80a) Importer(815301076,1909f56bfc062723c751e8b465ee728b)  -> (artifact id: '57e4089f58b209ee3599e82c54e3edc8') in 0.100490 seconds
  Import took 0.207182 seconds .

========================================================================
Received Import Request.
  Time since last request: 16.724346 seconds.
  path: Assets/Bullet 1.prefab
  artifactKey: Guid(6dfda5b6920e14046b89b6ab1d509e83) Importer(815301076,1909f56bfc062723c751e8b465ee728b)
Start importing Assets/Bullet 1.prefab using Guid(6dfda5b6920e14046b89b6ab1d509e83) Importer(815301076,1909f56bfc062723c751e8b465ee728b)  -> (artifact id: 'c4383316b307514bba0638400965c3f4') in 0.020642 seconds
  Import took 0.252448 seconds .

========================================================================
Received Import Request.
  Time since last request: 9.327047 seconds.
  path: Assets/EnemyBullet.prefab
  artifactKey: Guid(6dfda5b6920e14046b89b6ab1d509e83) Importer(815301076,1909f56bfc062723c751e8b465ee728b)
Start importing Assets/EnemyBullet.prefab using Guid(6dfda5b6920e14046b89b6ab1d509e83) Importer(815301076,1909f56bfc062723c751e8b465ee728b)  -> (artifact id: '202e7e7d9b53f4d8151f2498800ae4eb') in 0.019963 seconds
  Import took 0.051924 seconds .

========================================================================
Received Import Request.
  Time since last request: 9.449557 seconds.
  path: Assets/Bullet.prefab
  artifactKey: Guid(d2485b8e53db46c4cbf1b3aeb45ce80a) Importer(815301076,1909f56bfc062723c751e8b465ee728b)
Start importing Assets/Bullet.prefab using Guid(d2485b8e53db46c4cbf1b3aeb45ce80a) Importer(815301076,1909f56bfc062723c751e8b465ee728b)  -> (artifact id: '8db22f2f8473570969105d9e74a58506') in 0.021789 seconds
  Import took 0.034040 seconds .

========================================================================
Received Import Request.
  Time since last request: 5.911388 seconds.
  path: Assets/Bullet.prefab
  artifactKey: Guid(d2485b8e53db46c4cbf1b3aeb45ce80a) Importer(815301076,1909f56bfc062723c751e8b465ee728b)
Start importing Assets/Bullet.prefab using Guid(d2485b8e53db46c4cbf1b3aeb45ce80a) Importer(815301076,1909f56bfc062723c751e8b465ee728b)  -> (artifact id: '22323b1d41209b23c55b4974708047ca') in 0.017977 seconds
  Import took 0.065656 seconds .

========================================================================
Received Import Request.
  Time since last request: 3.344183 seconds.
  path: Assets/Bullet.prefab
  artifactKey: Guid(d2485b8e53db46c4cbf1b3aeb45ce80a) Importer(815301076,1909f56bfc062723c751e8b465ee728b)
Start importing Assets/Bullet.prefab using Guid(d2485b8e53db46c4cbf1b3aeb45ce80a) Importer(815301076,1909f56bfc062723c751e8b465ee728b)  -> (artifact id: 'd35d885edb704bd97215f8d0e582f803') in 0.018181 seconds
  Import took 0.050402 seconds .

========================================================================
Received Import Request.
  Time since last request: 5.885525 seconds.
  path: Assets/Bullet.prefab
  artifactKey: Guid(d2485b8e53db46c4cbf1b3aeb45ce80a) Importer(815301076,1909f56bfc062723c751e8b465ee728b)
Start importing Assets/Bullet.prefab using Guid(d2485b8e53db46c4cbf1b3aeb45ce80a) Importer(815301076,1909f56bfc062723c751e8b465ee728b)  -> (artifact id: '355fda1deb42f9d15b94c5dd4d203802') in 0.016899 seconds
  Import took 0.226374 seconds .

========================================================================
Received Import Request.
  Time since last request: 3.771029 seconds.
  path: Assets/Bullet.prefab
  artifactKey: Guid(d2485b8e53db46c4cbf1b3aeb45ce80a) Importer(815301076,1909f56bfc062723c751e8b465ee728b)
Start importing Assets/Bullet.prefab using Guid(d2485b8e53db46c4cbf1b3aeb45ce80a) Importer(815301076,1909f56bfc062723c751e8b465ee728b)  -> (artifact id: 'bf1b63e564e55d1aef2f16bd4c948677') in 0.028779 seconds
  Import took 0.046733 seconds .

========================================================================
Received Import Request.
  Time since last request: 0.933773 seconds.
  path: Assets/Bullet.prefab
  artifactKey: Guid(d2485b8e53db46c4cbf1b3aeb45ce80a) Importer(815301076,1909f56bfc062723c751e8b465ee728b)
Start importing Assets/Bullet.prefab using Guid(d2485b8e53db46c4cbf1b3aeb45ce80a) Importer(815301076,1909f56bfc062723c751e8b465ee728b)  -> (artifact id: '19805a3a96cef3f074643ba6b00b87b3') in 0.021022 seconds
  Import took 0.173271 seconds .

========================================================================
Received Import Request.
  Time since last request: 43.869895 seconds.
  path: Assets/Ranged enemy.prefab
  artifactKey: Guid(d0672a7018ffa2f45935bb823cae7900) Importer(815301076,1909f56bfc062723c751e8b465ee728b)
Start importing Assets/Ranged enemy.prefab using Guid(d0672a7018ffa2f45935bb823cae7900) Importer(815301076,1909f56bfc062723c751e8b465ee728b)  -> (artifact id: 'e50fdf3b4d42a21724e9a3e989a0c78e') in 0.018602 seconds
  Import took 0.056729 seconds .

========================================================================
Received Prepare
Registering precompiled user dll's ...
Registered in 0.001044 seconds.
Begin MonoManager ReloadAssembly
Native extension for WindowsStandalone target not found
Native extension for WebGL target not found
Refreshing native plugins compatible for Editor in 0.36 ms, found 1 plugins.
Preloading 0 native plugins for Editor in 0.00 ms.
Invoked RoslynAnalysisRunner static constructor.
RoslynAnalysisRunner will not be running.
RoslynAnalysisRunner has terminated.
Mono: successfully reloaded assembly
- Completed reload, in  0.927 seconds
Platform modules already initialized, skipping
Refreshing native plugins compatible for Editor in 0.36 ms, found 1 plugins.
Preloading 0 native plugins for Editor in 0.00 ms.
Unloading 1824 Unused Serialized files (Serialized files now loaded: 0)
System memory in use before: 88.8 MB.
System memory in use after: 88.7 MB.

Unloading 12 unused Assets to reduce memory usage. Loaded Objects now: 2340.
Total: 2.310200 ms (FindLiveObjects: 0.217100 ms CreateObjectMapping: 0.087100 ms MarkObjects: 1.884000 ms  DeleteObjects: 0.120600 ms)

========================================================================
Received Import Request.
  Time since last request: 134.781078 seconds.
  path: Assets/Animation
  artifactKey: Guid(4c7d84b25bd413142bb3932277de53ac) Importer(815301076,1909f56bfc062723c751e8b465ee728b)
Start importing Assets/Animation using Guid(4c7d84b25bd413142bb3932277de53ac) Importer(815301076,1909f56bfc062723c751e8b465ee728b)  -> (artifact id: '5f1336f52526c2c3831f860f9a301db6') in 0.112215 seconds
  Import took 0.140314 seconds .

========================================================================
Received Import Request.
  Time since last request: 15.379298 seconds.
  path: Assets/Scenes/DungeonRooms/basementBasic1.unity
  artifactKey: Guid(94d6351ec352f454aae543e51d6ffd96) Importer(815301076,1909f56bfc062723c751e8b465ee728b)
Start importing Assets/Scenes/DungeonRooms/basementBasic1.unity using Guid(94d6351ec352f454aae543e51d6ffd96) Importer(815301076,1909f56bfc062723c751e8b465ee728b)  -> (artifact id: '630ba2ab6a3e15fb048f9c369b309963') in 0.119814 seconds
  Import took 0.145833 seconds .

========================================================================
Received Import Request.
  Time since last request: 113.428119 seconds.
  path: Assets/Scenes/DungeonRooms/basementBasic1.unity
  artifactKey: Guid(94d6351ec352f454aae543e51d6ffd96) Importer(815301076,1909f56bfc062723c751e8b465ee728b)
Start importing Assets/Scenes/DungeonRooms/basementBasic1.unity using Guid(94d6351ec352f454aae543e51d6ffd96) Importer(815301076,1909f56bfc062723c751e8b465ee728b)  -> (artifact id: '40046617d48db09f8456c570f0d3e995') in 0.002714 seconds
  Import took 0.128354 seconds .

========================================================================
Received Import Request.
  Time since last request: 76.096534 seconds.
  path: Assets/Scenes/DungeonRooms/basementBasic1.unity
  artifactKey: Guid(94d6351ec352f454aae543e51d6ffd96) Importer(815301076,1909f56bfc062723c751e8b465ee728b)
Start importing Assets/Scenes/DungeonRooms/basementBasic1.unity using Guid(94d6351ec352f454aae543e51d6ffd96) Importer(815301076,1909f56bfc062723c751e8b465ee728b)  -> (artifact id: 'f00cc10be37217b7c652a4aa6d218b15') in 0.003173 seconds
  Import took 0.140609 seconds .

========================================================================
Received Import Request.
  Time since last request: 24.917972 seconds.
  path: Assets/Scenes/DungeonRooms/basementEmpty.unity
  artifactKey: Guid(776ca6a4515cefb418624a742154a4ae) Importer(815301076,1909f56bfc062723c751e8b465ee728b)
Start importing Assets/Scenes/DungeonRooms/basementEmpty.unity using Guid(776ca6a4515cefb418624a742154a4ae) Importer(815301076,1909f56bfc062723c751e8b465ee728b)  -> (artifact id: 'f7373eaf187a904e6dbf3f39991eb7f0') in 0.033382 seconds
  Import took 0.081223 seconds .

========================================================================
Received Import Request.
  Time since last request: 42.232837 seconds.
  path: Assets/Scenes/DungeonRooms/basementEnd.unity
  artifactKey: Guid(135bc2b19fbbd49408fecaf2a69ca177) Importer(815301076,1909f56bfc062723c751e8b465ee728b)
Start importing Assets/Scenes/DungeonRooms/basementEnd.unity using Guid(135bc2b19fbbd49408fecaf2a69ca177) Importer(815301076,1909f56bfc062723c751e8b465ee728b)  -> (artifact id: '32b616f9d17eda52e9152e516b75bd67') in 0.023014 seconds
  Import took 0.055490 seconds .

========================================================================
Received Import Request.
  Time since last request: 18.112883 seconds.
  path: Assets/Scenes/DungeonRooms/basementMain.unity
  artifactKey: Guid(2cda990e2423bbf4892e6590ba056729) Importer(815301076,1909f56bfc062723c751e8b465ee728b)
Start importing Assets/Scenes/DungeonRooms/basementMain.unity using Guid(2cda990e2423bbf4892e6590ba056729) Importer(815301076,1909f56bfc062723c751e8b465ee728b)  -> (artifact id: '3cb39377008e329e9aff3759b740f123') in 0.002547 seconds
  Import took 0.015733 seconds .

========================================================================
Received Import Request.
  Time since last request: 2.388673 seconds.
  path: Assets/Scenes/DungeonRooms/basementEnd.unity
  artifactKey: Guid(135bc2b19fbbd49408fecaf2a69ca177) Importer(815301076,1909f56bfc062723c751e8b465ee728b)
Start importing Assets/Scenes/DungeonRooms/basementEnd.unity using Guid(135bc2b19fbbd49408fecaf2a69ca177) Importer(815301076,1909f56bfc062723c751e8b465ee728b)  -> (artifact id: 'b9474b01227952109496a67ed5a1a55a') in 0.014878 seconds
  Import took 0.026172 seconds .

========================================================================
Received Import Request.
  Time since last request: 1.774340 seconds.
  path: Assets/Scenes/DungeonRooms/basementStart.unity
  artifactKey: Guid(d882a5c385d6c9c4a9f9763088d2a875) Importer(815301076,1909f56bfc062723c751e8b465ee728b)
Start importing Assets/Scenes/DungeonRooms/basementStart.unity using Guid(d882a5c385d6c9c4a9f9763088d2a875) Importer(815301076,1909f56bfc062723c751e8b465ee728b)  -> (artifact id: 'aa5ce16242c524cf941a53e4287ccd5a') in 0.011177 seconds
  Import took 0.045661 seconds .

========================================================================
Received Prepare
Registering precompiled user dll's ...
Registered in 0.000893 seconds.
Begin MonoManager ReloadAssembly
Native extension for WindowsStandalone target not found
Native extension for WebGL target not found
Refreshing native plugins compatible for Editor in 0.36 ms, found 1 plugins.
Preloading 0 native plugins for Editor in 0.00 ms.
Invoked RoslynAnalysisRunner static constructor.
RoslynAnalysisRunner will not be running.
RoslynAnalysisRunner has terminated.
Mono: successfully reloaded assembly
- Completed reload, in  0.900 seconds
Platform modules already initialized, skipping
Refreshing native plugins compatible for Editor in 0.45 ms, found 1 plugins.
Preloading 0 native plugins for Editor in 0.00 ms.
Unloading 1824 Unused Serialized files (Serialized files now loaded: 0)
System memory in use before: 88.8 MB.
System memory in use after: 88.8 MB.

Unloading 12 unused Assets to reduce memory usage. Loaded Objects now: 2344.
Total: 2.397500 ms (FindLiveObjects: 0.288800 ms CreateObjectMapping: 0.096200 ms MarkObjects: 1.883000 ms  DeleteObjects: 0.128100 ms)

========================================================================
Received Import Request.
  Time since last request: 280.438376 seconds.
  path: Assets/Scenes/DungeonRooms/basementBasic2.unity
  artifactKey: Guid(51325b606ab584f4682bd31ba7669141) Importer(815301076,1909f56bfc062723c751e8b465ee728b)
Start importing Assets/Scenes/DungeonRooms/basementBasic2.unity using Guid(51325b606ab584f4682bd31ba7669141) Importer(815301076,1909f56bfc062723c751e8b465ee728b)  -> (artifact id: '8d1d39fc071c3c2d452dde775f8976e7') in 0.021395 seconds
  Import took 0.029980 seconds .

========================================================================
Received Import Request.
  Time since last request: 21.220349 seconds.
  path: Assets/Scenes/DungeonRooms/basementEmpty.unity
  artifactKey: Guid(776ca6a4515cefb418624a742154a4ae) Importer(815301076,1909f56bfc062723c751e8b465ee728b)
Start importing Assets/Scenes/DungeonRooms/basementEmpty.unity using Guid(776ca6a4515cefb418624a742154a4ae) Importer(815301076,1909f56bfc062723c751e8b465ee728b)  -> (artifact id: '33358eb1bcbbbbf37eb847a9828da3c3') in 0.003119 seconds
  Import took 0.007471 seconds .

========================================================================
Received Prepare
Registering precompiled user dll's ...
Registered in 0.001498 seconds.
Begin MonoManager ReloadAssembly
Native extension for WindowsStandalone target not found
Native extension for WebGL target not found
Refreshing native plugins compatible for Editor in 0.39 ms, found 1 plugins.
Preloading 0 native plugins for Editor in 0.00 ms.
Invoked RoslynAnalysisRunner static constructor.
RoslynAnalysisRunner will not be running.
RoslynAnalysisRunner has terminated.
Mono: successfully reloaded assembly
- Completed reload, in  0.947 seconds
Platform modules already initialized, skipping
Refreshing native plugins compatible for Editor in 0.63 ms, found 1 plugins.
Preloading 0 native plugins for Editor in 0.00 ms.
Unloading 1824 Unused Serialized files (Serialized files now loaded: 0)
System memory in use before: 88.8 MB.
System memory in use after: 88.8 MB.

Unloading 12 unused Assets to reduce memory usage. Loaded Objects now: 2348.
Total: 2.501000 ms (FindLiveObjects: 0.327300 ms CreateObjectMapping: 0.091000 ms MarkObjects: 1.965100 ms  DeleteObjects: 0.116500 ms)

========================================================================
Received Prepare
Registering precompiled user dll's ...
Registered in 0.000875 seconds.
Begin MonoManager ReloadAssembly
Native extension for WindowsStandalone target not found
Native extension for WebGL target not found
Refreshing native plugins compatible for Editor in 0.37 ms, found 1 plugins.
Preloading 0 native plugins for Editor in 0.00 ms.
Invoked RoslynAnalysisRunner static constructor.
RoslynAnalysisRunner will not be running.
RoslynAnalysisRunner has terminated.
Mono: successfully reloaded assembly
- Completed reload, in  1.047 seconds
Platform modules already initialized, skipping
Refreshing native plugins compatible for Editor in 0.56 ms, found 1 plugins.
Preloading 0 native plugins for Editor in 0.00 ms.
Unloading 1824 Unused Serialized files (Serialized files now loaded: 0)
System memory in use before: 88.8 MB.
System memory in use after: 88.8 MB.

Unloading 12 unused Assets to reduce memory usage. Loaded Objects now: 2352.
Total: 2.827200 ms (FindLiveObjects: 0.221700 ms CreateObjectMapping: 0.105000 ms MarkObjects: 2.361400 ms  DeleteObjects: 0.137200 ms)

========================================================================
Received Import Request.
  Time since last request: 93.312806 seconds.
  path: Assets/BulletUp and ShootSpeedUp.prefab
  artifactKey: Guid(62f7c1b66dc5e9246b702208967784ce) Importer(815301076,1909f56bfc062723c751e8b465ee728b)
Start importing Assets/BulletUp and ShootSpeedUp.prefab using Guid(62f7c1b66dc5e9246b702208967784ce) Importer(815301076,1909f56bfc062723c751e8b465ee728b)  -> (artifact id: '68735db5458d79bcecbff4003673679d') in 0.132523 seconds
  Import took 0.192574 seconds .

========================================================================
Received Import Request.
  Time since last request: 86.111524 seconds.
  path: Assets/Scenes/DungeonRooms/basementBasic1.unity
  artifactKey: Guid(94d6351ec352f454aae543e51d6ffd96) Importer(815301076,1909f56bfc062723c751e8b465ee728b)
Start importing Assets/Scenes/DungeonRooms/basementBasic1.unity using Guid(94d6351ec352f454aae543e51d6ffd96) Importer(815301076,1909f56bfc062723c751e8b465ee728b)  -> (artifact id: 'd696adeaabb6a7c3b587bf8af92744b2') in 0.002743 seconds
  Import took 0.107916 seconds .

========================================================================
Received Import Request.
  Time since last request: 24.389682 seconds.
  path: Assets/Scenes/DungeonRooms/basementBasic2.unity
  artifactKey: Guid(51325b606ab584f4682bd31ba7669141) Importer(815301076,1909f56bfc062723c751e8b465ee728b)
Start importing Assets/Scenes/DungeonRooms/basementBasic2.unity using Guid(51325b606ab584f4682bd31ba7669141) Importer(815301076,1909f56bfc062723c751e8b465ee728b)  -> (artifact id: '2a679a1c75b1acadb8a509ccb82141ed') in 0.002546 seconds
  Import took 0.068100 seconds .

========================================================================
Received Import Request.
  Time since last request: 29.785024 seconds.
  path: Assets/Scenes/DungeonRooms/basementEnd.unity
  artifactKey: Guid(135bc2b19fbbd49408fecaf2a69ca177) Importer(815301076,1909f56bfc062723c751e8b465ee728b)
Start importing Assets/Scenes/DungeonRooms/basementEnd.unity using Guid(135bc2b19fbbd49408fecaf2a69ca177) Importer(815301076,1909f56bfc062723c751e8b465ee728b)  -> (artifact id: '740e92043bc114b1cc87165cd50a3af8') in 0.011430 seconds
  Import took 0.036011 seconds .

========================================================================
Received Prepare
Registering precompiled user dll's ...
Registered in 0.001357 seconds.
Begin MonoManager ReloadAssembly
Native extension for WindowsStandalone target not found
Native extension for WebGL target not found
Refreshing native plugins compatible for Editor in 0.39 ms, found 1 plugins.
Preloading 0 native plugins for Editor in 0.00 ms.
Invoked RoslynAnalysisRunner static constructor.
RoslynAnalysisRunner will not be running.
RoslynAnalysisRunner has terminated.
Mono: successfully reloaded assembly
- Completed reload, in  0.998 seconds
Platform modules already initialized, skipping
Refreshing native plugins compatible for Editor in 0.53 ms, found 1 plugins.
Preloading 0 native plugins for Editor in 0.00 ms.
Unloading 1824 Unused Serialized files (Serialized files now loaded: 0)
System memory in use before: 88.9 MB.
System memory in use after: 88.9 MB.

Unloading 12 unused Assets to reduce memory usage. Loaded Objects now: 2357.
Total: 2.507200 ms (FindLiveObjects: 0.216000 ms CreateObjectMapping: 0.072300 ms MarkObjects: 2.091700 ms  DeleteObjects: 0.125700 ms)

========================================================================
Received Import Request.
  Time since last request: 142.584889 seconds.
  path: Assets/Scenes/DungeonRooms/basementBasic2.unity
  artifactKey: Guid(51325b606ab584f4682bd31ba7669141) Importer(815301076,1909f56bfc062723c751e8b465ee728b)
Start importing Assets/Scenes/DungeonRooms/basementBasic2.unity using Guid(51325b606ab584f4682bd31ba7669141) Importer(815301076,1909f56bfc062723c751e8b465ee728b)  -> (artifact id: '8741d0668b60b25de58c6d506678d3ff') in 0.016131 seconds
  Import took 0.020961 seconds .

========================================================================
Received Prepare
Registering precompiled user dll's ...
Registered in 0.000865 seconds.
Begin MonoManager ReloadAssembly
Native extension for WindowsStandalone target not found
Native extension for WebGL target not found
Refreshing native plugins compatible for Editor in 0.39 ms, found 1 plugins.
Preloading 0 native plugins for Editor in 0.00 ms.
Invoked RoslynAnalysisRunner static constructor.
RoslynAnalysisRunner will not be running.
RoslynAnalysisRunner has terminated.
Mono: successfully reloaded assembly
- Completed reload, in  0.884 seconds
Platform modules already initialized, skipping
Refreshing native plugins compatible for Editor in 0.36 ms, found 1 plugins.
Preloading 0 native plugins for Editor in 0.00 ms.
Unloading 1824 Unused Serialized files (Serialized files now loaded: 0)
System memory in use before: 88.9 MB.
System memory in use after: 88.9 MB.

Unloading 12 unused Assets to reduce memory usage. Loaded Objects now: 2361.
Total: 2.797900 ms (FindLiveObjects: 0.256600 ms CreateObjectMapping: 0.121400 ms MarkObjects: 2.301900 ms  DeleteObjects: 0.116000 ms)

========================================================================
Received Import Request.
  Time since last request: 16.729497 seconds.
  path: Assets/Scenes/DungeonRooms/basementBasic1.unity
  artifactKey: Guid(94d6351ec352f454aae543e51d6ffd96) Importer(815301076,1909f56bfc062723c751e8b465ee728b)
Start importing Assets/Scenes/DungeonRooms/basementBasic1.unity using Guid(94d6351ec352f454aae543e51d6ffd96) Importer(815301076,1909f56bfc062723c751e8b465ee728b)  -> (artifact id: '513fa03b7151a9ae30cdc97feb374a16') in 0.014264 seconds
  Import took 0.122961 seconds .

========================================================================
Received Import Request.
  Time since last request: 129.787435 seconds.
  path: Assets/Scenes/DungeonRooms/basementBasic1.unity
  artifactKey: Guid(94d6351ec352f454aae543e51d6ffd96) Importer(815301076,1909f56bfc062723c751e8b465ee728b)
Start importing Assets/Scenes/DungeonRooms/basementBasic1.unity using Guid(94d6351ec352f454aae543e51d6ffd96) Importer(815301076,1909f56bfc062723c751e8b465ee728b)  -> (artifact id: '4c0d17b960cd1ac08f8d7d4f51d67b85') in 0.002691 seconds
  Import took 0.105196 seconds .

========================================================================
Received Import Request.
  Time since last request: 2.071938 seconds.
  path: Assets/Scenes/DungeonRooms/basementStart.unity
  artifactKey: Guid(d882a5c385d6c9c4a9f9763088d2a875) Importer(815301076,1909f56bfc062723c751e8b465ee728b)
Start importing Assets/Scenes/DungeonRooms/basementStart.unity using Guid(d882a5c385d6c9c4a9f9763088d2a875) Importer(815301076,1909f56bfc062723c751e8b465ee728b)  -> (artifact id: '0e58bb95bc556941b47a066bbe926d41') in 0.002466 seconds
  Import took 0.065651 seconds .

========================================================================
Received Prepare
Registering precompiled user dll's ...
Registered in 0.012547 seconds.
Begin MonoManager ReloadAssembly
Native extension for WindowsStandalone target not found
Native extension for WebGL target not found
Refreshing native plugins compatible for Editor in 0.38 ms, found 1 plugins.
Preloading 0 native plugins for Editor in 0.00 ms.
Invoked RoslynAnalysisRunner static constructor.
RoslynAnalysisRunner will not be running.
RoslynAnalysisRunner has terminated.
Mono: successfully reloaded assembly
- Completed reload, in  0.988 seconds
Platform modules already initialized, skipping
Refreshing native plugins compatible for Editor in 0.37 ms, found 1 plugins.
Preloading 0 native plugins for Editor in 0.00 ms.
Unloading 1824 Unused Serialized files (Serialized files now loaded: 0)
System memory in use before: 88.9 MB.
System memory in use after: 88.9 MB.

Unloading 12 unused Assets to reduce memory usage. Loaded Objects now: 2365.
Total: 2.400600 ms (FindLiveObjects: 0.300000 ms CreateObjectMapping: 0.165900 ms MarkObjects: 1.811500 ms  DeleteObjects: 0.122000 ms)

========================================================================
Received Import Request.
  Time since last request: 2663.061786 seconds.
  path: Assets/Scenes/DungeonRooms/basementBasic2.unity
  artifactKey: Guid(51325b606ab584f4682bd31ba7669141) Importer(815301076,1909f56bfc062723c751e8b465ee728b)
Start importing Assets/Scenes/DungeonRooms/basementBasic2.unity using Guid(51325b606ab584f4682bd31ba7669141) Importer(815301076,1909f56bfc062723c751e8b465ee728b)  -> (artifact id: '3ce85e86ee0c9caf8746848708312374') in 0.019251 seconds
  Import took 0.025837 seconds .

========================================================================
Received Import Request.
  Time since last request: 15.152710 seconds.
  path: Assets/Scenes/DungeonRooms/basementBasic2.unity
  artifactKey: Guid(51325b606ab584f4682bd31ba7669141) Importer(815301076,1909f56bfc062723c751e8b465ee728b)
Start importing Assets/Scenes/DungeonRooms/basementBasic2.unity using Guid(51325b606ab584f4682bd31ba7669141) Importer(815301076,1909f56bfc062723c751e8b465ee728b)  -> (artifact id: 'b1b5a4a8313a59f21e46781c87b0f567') in 0.003074 seconds
  Import took 0.172812 seconds .

========================================================================
Received Import Request.
  Time since last request: 1.220929 seconds.
  path: Assets/Scenes/DungeonRooms/basementEmpty.unity
  artifactKey: Guid(776ca6a4515cefb418624a742154a4ae) Importer(815301076,1909f56bfc062723c751e8b465ee728b)
Start importing Assets/Scenes/DungeonRooms/basementEmpty.unity using Guid(776ca6a4515cefb418624a742154a4ae) Importer(815301076,1909f56bfc062723c751e8b465ee728b)  -> (artifact id: '928fd57ae3b2e32a7774d2a28e426beb') in 0.002350 seconds
  Import took 0.173222 seconds .

========================================================================
Received Import Request.
  Time since last request: 1.888415 seconds.
  path: Assets/Scenes/DungeonRooms/basementEnd.unity
  artifactKey: Guid(135bc2b19fbbd49408fecaf2a69ca177) Importer(815301076,1909f56bfc062723c751e8b465ee728b)
Start importing Assets/Scenes/DungeonRooms/basementEnd.unity using Guid(135bc2b19fbbd49408fecaf2a69ca177) Importer(815301076,1909f56bfc062723c751e8b465ee728b)  -> (artifact id: 'eb5aaf06b1b51ac7f2855f7e1dafdd8d') in 0.002436 seconds
  Import took 0.035779 seconds .

========================================================================
Received Prepare
Registering precompiled user dll's ...
Registered in 0.001072 seconds.
Begin MonoManager ReloadAssembly
Native extension for WindowsStandalone target not found
Native extension for WebGL target not found
Refreshing native plugins compatible for Editor in 0.61 ms, found 1 plugins.
Preloading 0 native plugins for Editor in 0.00 ms.
Invoked RoslynAnalysisRunner static constructor.
RoslynAnalysisRunner will not be running.
RoslynAnalysisRunner has terminated.
Mono: successfully reloaded assembly
- Completed reload, in  1.629 seconds
Platform modules already initialized, skipping
Refreshing native plugins compatible for Editor in 0.66 ms, found 1 plugins.
Preloading 0 native plugins for Editor in 0.00 ms.
Unloading 1824 Unused Serialized files (Serialized files now loaded: 0)
System memory in use before: 88.9 MB.
System memory in use after: 88.9 MB.

Unloading 12 unused Assets to reduce memory usage. Loaded Objects now: 2369.
Total: 3.544100 ms (FindLiveObjects: 0.217300 ms CreateObjectMapping: 0.095700 ms MarkObjects: 3.033900 ms  DeleteObjects: 0.195700 ms)

========================================================================
Received Import Request.
  Time since last request: 1231.937638 seconds.
  path: Assets/Scenes/DungeonRooms/basementBasic1.unity
  artifactKey: Guid(94d6351ec352f454aae543e51d6ffd96) Importer(815301076,1909f56bfc062723c751e8b465ee728b)
Start importing Assets/Scenes/DungeonRooms/basementBasic1.unity using Guid(94d6351ec352f454aae543e51d6ffd96) Importer(815301076,1909f56bfc062723c751e8b465ee728b)  -> (artifact id: 'd38485e4c17d9a19496d1d1a28530485') in 0.014820 seconds
  Import took 0.154557 seconds .

========================================================================
Received Import Request.
  Time since last request: 20.381717 seconds.
  path: Assets/Scenes/DungeonRooms/basementEnd.unity
  artifactKey: Guid(135bc2b19fbbd49408fecaf2a69ca177) Importer(815301076,1909f56bfc062723c751e8b465ee728b)
Start importing Assets/Scenes/DungeonRooms/basementEnd.unity using Guid(135bc2b19fbbd49408fecaf2a69ca177) Importer(815301076,1909f56bfc062723c751e8b465ee728b)  -> (artifact id: 'aeb804ffeeac0f4cc4f885eb58ac6e6b') in 0.003501 seconds
  Import took 0.104839 seconds .

========================================================================
Received Import Request.
  Time since last request: 122.281861 seconds.
  path: Assets/Scenes/DungeonRooms/basementBasic1.unity
  artifactKey: Guid(94d6351ec352f454aae543e51d6ffd96) Importer(815301076,1909f56bfc062723c751e8b465ee728b)
Start importing Assets/Scenes/DungeonRooms/basementBasic1.unity using Guid(94d6351ec352f454aae543e51d6ffd96) Importer(815301076,1909f56bfc062723c751e8b465ee728b)  -> (artifact id: '3ecbc44ecc5f37a5a4742a63d9a60316') in 0.002938 seconds
  Import took 0.166507 seconds .

========================================================================
Received Prepare
Registering precompiled user dll's ...
Registered in 0.000862 seconds.
Begin MonoManager ReloadAssembly
Native extension for WindowsStandalone target not found
Native extension for WebGL target not found
Refreshing native plugins compatible for Editor in 0.42 ms, found 1 plugins.
Preloading 0 native plugins for Editor in 0.00 ms.
Invoked RoslynAnalysisRunner static constructor.
RoslynAnalysisRunner will not be running.
RoslynAnalysisRunner has terminated.
Mono: successfully reloaded assembly
- Completed reload, in  0.898 seconds
Platform modules already initialized, skipping
Refreshing native plugins compatible for Editor in 0.38 ms, found 1 plugins.
Preloading 0 native plugins for Editor in 0.00 ms.
Unloading 1824 Unused Serialized files (Serialized files now loaded: 0)
System memory in use before: 89.0 MB.
System memory in use after: 88.9 MB.

Unloading 12 unused Assets to reduce memory usage. Loaded Objects now: 2373.
Total: 2.535500 ms (FindLiveObjects: 0.193300 ms CreateObjectMapping: 0.068700 ms MarkObjects: 2.110500 ms  DeleteObjects: 0.161400 ms)

========================================================================
Received Prepare
Registering precompiled user dll's ...
Registered in 0.001319 seconds.
Begin MonoManager ReloadAssembly
Native extension for WindowsStandalone target not found
Native extension for WebGL target not found
Refreshing native plugins compatible for Editor in 0.39 ms, found 1 plugins.
Preloading 0 native plugins for Editor in 0.00 ms.
Invoked RoslynAnalysisRunner static constructor.
RoslynAnalysisRunner will not be running.
RoslynAnalysisRunner has terminated.
Mono: successfully reloaded assembly
- Completed reload, in  0.902 seconds
Platform modules already initialized, skipping
Refreshing native plugins compatible for Editor in 0.39 ms, found 1 plugins.
Preloading 0 native plugins for Editor in 0.00 ms.
Unloading 1824 Unused Serialized files (Serialized files now loaded: 0)
System memory in use before: 89.0 MB.
System memory in use after: 89.0 MB.

Unloading 12 unused Assets to reduce memory usage. Loaded Objects now: 2377.
Total: 2.749100 ms (FindLiveObjects: 0.242600 ms CreateObjectMapping: 0.092600 ms MarkObjects: 2.284400 ms  DeleteObjects: 0.128200 ms)

========================================================================
Received Import Request.
  Time since last request: 264.870690 seconds.
  path: Assets/healthUP.prefab
  artifactKey: Guid(f6605625ed979ad4497bb1704a7ea8d3) Importer(815301076,1909f56bfc062723c751e8b465ee728b)
Start importing Assets/healthUP.prefab using Guid(f6605625ed979ad4497bb1704a7ea8d3) Importer(815301076,1909f56bfc062723c751e8b465ee728b)  -> (artifact id: '886dbde073b10d6f85e88491091c1e9e') in 0.370410 seconds
  Import took 0.439119 seconds .

========================================================================
Received Import Request.
  Time since last request: 11.082149 seconds.
  path: Assets/BulletUp and ShootSpeedUp.prefab
  artifactKey: Guid(62f7c1b66dc5e9246b702208967784ce) Importer(815301076,1909f56bfc062723c751e8b465ee728b)
Start importing Assets/BulletUp and ShootSpeedUp.prefab using Guid(62f7c1b66dc5e9246b702208967784ce) Importer(815301076,1909f56bfc062723c751e8b465ee728b)  -> (artifact id: '6d385c310691346928afe14f1bcafcc1') in 0.024041 seconds
  Import took 0.052568 seconds .

========================================================================
Received Import Request.
  Time since last request: 14.856095 seconds.
  path: Assets/SpeedUP.prefab
  artifactKey: Guid(7d3ce2cb5d2173349abee9b64afcb2d9) Importer(815301076,1909f56bfc062723c751e8b465ee728b)
Start importing Assets/SpeedUP.prefab using Guid(7d3ce2cb5d2173349abee9b64afcb2d9) Importer(815301076,1909f56bfc062723c751e8b465ee728b)  -> (artifact id: '50f4e38c66b42b2e38e51511ae5c1c85') in 0.063668 seconds
  Import took 0.069317 seconds .

========================================================================
Received Prepare
Registering precompiled user dll's ...
Registered in 0.000961 seconds.
Begin MonoManager ReloadAssembly
Native extension for WindowsStandalone target not found
Native extension for WebGL target not found
Refreshing native plugins compatible for Editor in 0.42 ms, found 1 plugins.
Preloading 0 native plugins for Editor in 0.00 ms.
Invoked RoslynAnalysisRunner static constructor.
RoslynAnalysisRunner will not be running.
RoslynAnalysisRunner has terminated.
Mono: successfully reloaded assembly
- Completed reload, in  1.031 seconds
Platform modules already initialized, skipping
Refreshing native plugins compatible for Editor in 0.64 ms, found 1 plugins.
Preloading 0 native plugins for Editor in 0.00 ms.
Unloading 1824 Unused Serialized files (Serialized files now loaded: 0)
System memory in use before: 89.0 MB.
System memory in use after: 89.0 MB.

Unloading 12 unused Assets to reduce memory usage. Loaded Objects now: 2382.
Total: 4.306500 ms (FindLiveObjects: 0.469000 ms CreateObjectMapping: 0.200700 ms MarkObjects: 3.410700 ms  DeleteObjects: 0.223700 ms)

========================================================================
Received Prepare
Registering precompiled user dll's ...
Registered in 0.000968 seconds.
Begin MonoManager ReloadAssembly
Native extension for WindowsStandalone target not found
Native extension for WebGL target not found
Refreshing native plugins compatible for Editor in 0.37 ms, found 1 plugins.
Preloading 0 native plugins for Editor in 0.00 ms.
Invoked RoslynAnalysisRunner static constructor.
RoslynAnalysisRunner will not be running.
RoslynAnalysisRunner has terminated.
Mono: successfully reloaded assembly
- Completed reload, in  0.890 seconds
Platform modules already initialized, skipping
Refreshing native plugins compatible for Editor in 0.58 ms, found 1 plugins.
Preloading 0 native plugins for Editor in 0.00 ms.
Unloading 1824 Unused Serialized files (Serialized files now loaded: 0)
System memory in use before: 89.0 MB.
System memory in use after: 89.0 MB.

Unloading 12 unused Assets to reduce memory usage. Loaded Objects now: 2386.
Total: 2.679100 ms (FindLiveObjects: 0.293200 ms CreateObjectMapping: 0.133700 ms MarkObjects: 2.128100 ms  DeleteObjects: 0.122000 ms)

========================================================================
Received Import Request.
  Time since last request: 426.425603 seconds.
  path: Assets/Scenes/DungeonRooms/basementEnd.unity
  artifactKey: Guid(135bc2b19fbbd49408fecaf2a69ca177) Importer(815301076,1909f56bfc062723c751e8b465ee728b)
Start importing Assets/Scenes/DungeonRooms/basementEnd.unity using Guid(135bc2b19fbbd49408fecaf2a69ca177) Importer(815301076,1909f56bfc062723c751e8b465ee728b)  -> (artifact id: '514ebb1c3e39f5f6e13b6a4f556e4d93') in 0.013142 seconds
  Import took 0.018684 seconds .

========================================================================
Received Prepare
Registering precompiled user dll's ...
Registered in 0.000860 seconds.
Begin MonoManager ReloadAssembly
Native extension for WindowsStandalone target not found
Native extension for WebGL target not found
Refreshing native plugins compatible for Editor in 0.41 ms, found 1 plugins.
Preloading 0 native plugins for Editor in 0.00 ms.
Invoked RoslynAnalysisRunner static constructor.
RoslynAnalysisRunner will not be running.
RoslynAnalysisRunner has terminated.
Mono: successfully reloaded assembly
- Completed reload, in  0.948 seconds
Platform modules already initialized, skipping
Refreshing native plugins compatible for Editor in 0.36 ms, found 1 plugins.
Preloading 0 native plugins for Editor in 0.00 ms.
Unloading 1824 Unused Serialized files (Serialized files now loaded: 0)
System memory in use before: 89.0 MB.
System memory in use after: 89.0 MB.

Unloading 12 unused Assets to reduce memory usage. Loaded Objects now: 2390.
Total: 2.518200 ms (FindLiveObjects: 0.252800 ms CreateObjectMapping: 0.081000 ms MarkObjects: 2.060600 ms  DeleteObjects: 0.122600 ms)

========================================================================
Received Import Request.
  Time since last request: 212.272196 seconds.
  path: Assets/Scenes/DungeonRooms/basementMain.unity
  artifactKey: Guid(2cda990e2423bbf4892e6590ba056729) Importer(815301076,1909f56bfc062723c751e8b465ee728b)
Start importing Assets/Scenes/DungeonRooms/basementMain.unity using Guid(2cda990e2423bbf4892e6590ba056729) Importer(815301076,1909f56bfc062723c751e8b465ee728b)  -> (artifact id: 'f61af28aea6a4b241b648b86284bf8d6') in 0.015004 seconds
  Import took 0.134283 seconds .

========================================================================
Received Import Request.
  Time since last request: 7.875113 seconds.
  path: Assets/Enemy.prefab
  artifactKey: Guid(0cb1f7f07e5599b4194542fbad4fd736) Importer(815301076,1909f56bfc062723c751e8b465ee728b)
Start importing Assets/Enemy.prefab using Guid(0cb1f7f07e5599b4194542fbad4fd736) Importer(815301076,1909f56bfc062723c751e8b465ee728b)  -> (artifact id: '6f9d260d9fbb91e48cdc94ce50b7f631') in 0.055715 seconds
  Import took 0.169787 seconds .

========================================================================
Received Import Request.
  Time since last request: 0.000366 seconds.
  path: Assets/EnemyFast Variant.prefab
  artifactKey: Guid(5dfd5891f183cdb4ea6e8b0cf5631ffa) Importer(815301076,1909f56bfc062723c751e8b465ee728b)
Start importing Assets/EnemyFast Variant.prefab using Guid(5dfd5891f183cdb4ea6e8b0cf5631ffa) Importer(815301076,1909f56bfc062723c751e8b465ee728b)  -> (artifact id: '4675d0ca0ccc6ad738a77c7926982624') in 0.018385 seconds
  Import took 0.049143 seconds .

========================================================================
Received Prepare
Registering precompiled user dll's ...
Registered in 0.001387 seconds.
Begin MonoManager ReloadAssembly
Native extension for WindowsStandalone target not found
Native extension for WebGL target not found
Refreshing native plugins compatible for Editor in 0.40 ms, found 1 plugins.
Preloading 0 native plugins for Editor in 0.00 ms.
Invoked RoslynAnalysisRunner static constructor.
RoslynAnalysisRunner will not be running.
RoslynAnalysisRunner has terminated.
Mono: successfully reloaded assembly
- Completed reload, in  1.082 seconds
Platform modules already initialized, skipping
Refreshing native plugins compatible for Editor in 0.43 ms, found 1 plugins.
Preloading 0 native plugins for Editor in 0.00 ms.
Unloading 1824 Unused Serialized files (Serialized files now loaded: 0)
System memory in use before: 89.0 MB.
System memory in use after: 89.0 MB.

Unloading 12 unused Assets to reduce memory usage. Loaded Objects now: 2395.
Total: 2.579500 ms (FindLiveObjects: 0.205400 ms CreateObjectMapping: 0.077300 ms MarkObjects: 2.168100 ms  DeleteObjects: 0.127300 ms)

========================================================================
Received Prepare
Registering precompiled user dll's ...
Registered in 0.001075 seconds.
Begin MonoManager ReloadAssembly
Native extension for WindowsStandalone target not found
Native extension for WebGL target not found
Refreshing native plugins compatible for Editor in 0.44 ms, found 1 plugins.
Preloading 0 native plugins for Editor in 0.00 ms.
Invoked RoslynAnalysisRunner static constructor.
RoslynAnalysisRunner will not be running.
RoslynAnalysisRunner has terminated.
Mono: successfully reloaded assembly
- Completed reload, in  0.957 seconds
Platform modules already initialized, skipping
Refreshing native plugins compatible for Editor in 0.40 ms, found 1 plugins.
Preloading 0 native plugins for Editor in 0.00 ms.
Unloading 1824 Unused Serialized files (Serialized files now loaded: 0)
System memory in use before: 89.0 MB.
System memory in use after: 89.0 MB.

Unloading 12 unused Assets to reduce memory usage. Loaded Objects now: 2399.
Total: 2.986800 ms (FindLiveObjects: 0.207300 ms CreateObjectMapping: 0.089300 ms MarkObjects: 2.527800 ms  DeleteObjects: 0.160700 ms)

========================================================================
Received Prepare
Registering precompiled user dll's ...
Registered in 0.000926 seconds.
Begin MonoManager ReloadAssembly
Native extension for WindowsStandalone target not found
Native extension for WebGL target not found
Refreshing native plugins compatible for Editor in 0.37 ms, found 1 plugins.
Preloading 0 native plugins for Editor in 0.00 ms.
Invoked RoslynAnalysisRunner static constructor.
RoslynAnalysisRunner will not be running.
RoslynAnalysisRunner has terminated.
Mono: successfully reloaded assembly
- Completed reload, in  1.021 seconds
Platform modules already initialized, skipping
Refreshing native plugins compatible for Editor in 0.40 ms, found 1 plugins.
Preloading 0 native plugins for Editor in 0.00 ms.
Unloading 1824 Unused Serialized files (Serialized files now loaded: 0)
System memory in use before: 89.0 MB.
System memory in use after: 89.0 MB.

Unloading 12 unused Assets to reduce memory usage. Loaded Objects now: 2403.
Total: 2.465400 ms (FindLiveObjects: 0.236500 ms CreateObjectMapping: 0.081800 ms MarkObjects: 2.018500 ms  DeleteObjects: 0.127000 ms)

========================================================================
Received Prepare
Registering precompiled user dll's ...
Registered in 0.000973 seconds.
Begin MonoManager ReloadAssembly
Native extension for WindowsStandalone target not found
Native extension for WebGL target not found
Refreshing native plugins compatible for Editor in 0.68 ms, found 1 plugins.
Preloading 0 native plugins for Editor in 0.00 ms.
Invoked RoslynAnalysisRunner static constructor.
RoslynAnalysisRunner will not be running.
RoslynAnalysisRunner has terminated.
Mono: successfully reloaded assembly
- Completed reload, in  1.206 seconds
Platform modules already initialized, skipping
Refreshing native plugins compatible for Editor in 0.67 ms, found 1 plugins.
Preloading 0 native plugins for Editor in 0.00 ms.
Unloading 1824 Unused Serialized files (Serialized files now loaded: 0)
System memory in use before: 89.0 MB.
System memory in use after: 89.0 MB.

Unloading 12 unused Assets to reduce memory usage. Loaded Objects now: 2407.
Total: 4.191300 ms (FindLiveObjects: 0.405400 ms CreateObjectMapping: 0.188500 ms MarkObjects: 3.365400 ms  DeleteObjects: 0.229500 ms)

========================================================================
Received Import Request.
  Time since last request: 146.652344 seconds.
  path: Assets/Enemy.prefab
  artifactKey: Guid(0cb1f7f07e5599b4194542fbad4fd736) Importer(815301076,1909f56bfc062723c751e8b465ee728b)
Start importing Assets/Enemy.prefab using Guid(0cb1f7f07e5599b4194542fbad4fd736) Importer(815301076,1909f56bfc062723c751e8b465ee728b)  -> (artifact id: '2c3ce1ceba91d63287a8da37c615556d') in 0.148360 seconds
  Import took 0.180165 seconds .

========================================================================
Received Import Request.
  Time since last request: 0.000533 seconds.
  path: Assets/EnemyFast Variant.prefab
  artifactKey: Guid(5dfd5891f183cdb4ea6e8b0cf5631ffa) Importer(815301076,1909f56bfc062723c751e8b465ee728b)
Start importing Assets/EnemyFast Variant.prefab using Guid(5dfd5891f183cdb4ea6e8b0cf5631ffa) Importer(815301076,1909f56bfc062723c751e8b465ee728b)  -> (artifact id: '70793ce2ab66f678cea1dd4e832edd3b') in 0.017481 seconds
  Import took 0.036900 seconds .

========================================================================
Received Import Request.
  Time since last request: 320.675868 seconds.
  path: Assets/Scenes/DungeonRooms/basementEnd.unity
  artifactKey: Guid(135bc2b19fbbd49408fecaf2a69ca177) Importer(815301076,1909f56bfc062723c751e8b465ee728b)
Start importing Assets/Scenes/DungeonRooms/basementEnd.unity using Guid(135bc2b19fbbd49408fecaf2a69ca177) Importer(815301076,1909f56bfc062723c751e8b465ee728b)  -> (artifact id: '5aec149766226e945140dbfa7e3f50ca') in 0.004346 seconds
  Import took 0.110704 seconds .

========================================================================
Received Prepare
Registering precompiled user dll's ...
Registered in 0.000900 seconds.
Begin MonoManager ReloadAssembly
Native extension for WindowsStandalone target not found
Native extension for WebGL target not found
Refreshing native plugins compatible for Editor in 0.37 ms, found 1 plugins.
Preloading 0 native plugins for Editor in 0.00 ms.
Invoked RoslynAnalysisRunner static constructor.
RoslynAnalysisRunner will not be running.
RoslynAnalysisRunner has terminated.
Mono: successfully reloaded assembly
- Completed reload, in  1.080 seconds
Platform modules already initialized, skipping
Refreshing native plugins compatible for Editor in 0.37 ms, found 1 plugins.
Preloading 0 native plugins for Editor in 0.00 ms.
Unloading 1824 Unused Serialized files (Serialized files now loaded: 0)
System memory in use before: 89.1 MB.
System memory in use after: 89.1 MB.

Unloading 12 unused Assets to reduce memory usage. Loaded Objects now: 2412.
Total: 2.786800 ms (FindLiveObjects: 0.321200 ms CreateObjectMapping: 0.224200 ms MarkObjects: 2.105700 ms  DeleteObjects: 0.133500 ms)

========================================================================
Received Import Request.
  Time since last request: 11.277722 seconds.
  path: Assets/Scenes/DungeonRooms/basementBasic2.unity
  artifactKey: Guid(51325b606ab584f4682bd31ba7669141) Importer(815301076,1909f56bfc062723c751e8b465ee728b)
Start importing Assets/Scenes/DungeonRooms/basementBasic2.unity using Guid(51325b606ab584f4682bd31ba7669141) Importer(815301076,1909f56bfc062723c751e8b465ee728b)  -> (artifact id: '02b2426e2e813783096b0138e16f7020') in 0.013506 seconds
  Import took 0.029571 seconds .

========================================================================
Received Import Request.
  Time since last request: 23.283554 seconds.
  path: Assets/Scenes/DungeonRooms/basementBasic2.unity
  artifactKey: Guid(51325b606ab584f4682bd31ba7669141) Importer(815301076,1909f56bfc062723c751e8b465ee728b)
Start importing Assets/Scenes/DungeonRooms/basementBasic2.unity using Guid(51325b606ab584f4682bd31ba7669141) Importer(815301076,1909f56bfc062723c751e8b465ee728b)  -> (artifact id: 'c4f483c88635e4b7f7f49a07f3b2ac12') in 0.002557 seconds
  Import took 0.008346 seconds .

========================================================================
Received Import Request.
  Time since last request: 2.490723 seconds.
  path: Assets/Scenes/DungeonRooms/basementBasic1.unity
  artifactKey: Guid(94d6351ec352f454aae543e51d6ffd96) Importer(815301076,1909f56bfc062723c751e8b465ee728b)
Start importing Assets/Scenes/DungeonRooms/basementBasic1.unity using Guid(94d6351ec352f454aae543e51d6ffd96) Importer(815301076,1909f56bfc062723c751e8b465ee728b)  -> (artifact id: 'ecf65dd7a7019bec97525f731d01ff19') in 0.006143 seconds
  Import took 0.028013 seconds .

========================================================================
Received Prepare
Registering precompiled user dll's ...
Registered in 0.001044 seconds.
Begin MonoManager ReloadAssembly
Native extension for WindowsStandalone target not found
Native extension for WebGL target not found
Refreshing native plugins compatible for Editor in 0.39 ms, found 1 plugins.
Preloading 0 native plugins for Editor in 0.00 ms.
Invoked RoslynAnalysisRunner static constructor.
RoslynAnalysisRunner will not be running.
RoslynAnalysisRunner has terminated.
Mono: successfully reloaded assembly
- Completed reload, in  0.992 seconds
Platform modules already initialized, skipping
Refreshing native plugins compatible for Editor in 0.41 ms, found 1 plugins.
Preloading 0 native plugins for Editor in 0.00 ms.
Unloading 1824 Unused Serialized files (Serialized files now loaded: 0)
System memory in use before: 89.3 MB.
System memory in use after: 89.3 MB.

Unloading 12 unused Assets to reduce memory usage. Loaded Objects now: 2416.
Total: 2.702400 ms (FindLiveObjects: 0.220400 ms CreateObjectMapping: 0.120500 ms MarkObjects: 2.237200 ms  DeleteObjects: 0.122900 ms)

========================================================================
Received Prepare
Registering precompiled user dll's ...
Registered in 0.001215 seconds.
Begin MonoManager ReloadAssembly
Native extension for WindowsStandalone target not found
Native extension for WebGL target not found
Refreshing native plugins compatible for Editor in 0.39 ms, found 1 plugins.
Preloading 0 native plugins for Editor in 0.00 ms.
Invoked RoslynAnalysisRunner static constructor.
RoslynAnalysisRunner will not be running.
RoslynAnalysisRunner has terminated.
Mono: successfully reloaded assembly
- Completed reload, in  0.990 seconds
Platform modules already initialized, skipping
Refreshing native plugins compatible for Editor in 0.45 ms, found 1 plugins.
Preloading 0 native plugins for Editor in 0.00 ms.
Unloading 1824 Unused Serialized files (Serialized files now loaded: 0)
System memory in use before: 89.3 MB.
System memory in use after: 89.3 MB.

Unloading 12 unused Assets to reduce memory usage. Loaded Objects now: 2420.
Total: 2.687500 ms (FindLiveObjects: 0.359000 ms CreateObjectMapping: 0.105500 ms MarkObjects: 2.089400 ms  DeleteObjects: 0.132000 ms)

========================================================================
Received Prepare
Registering precompiled user dll's ...
Registered in 0.000932 seconds.
Begin MonoManager ReloadAssembly
Native extension for WindowsStandalone target not found
Native extension for WebGL target not found
Refreshing native plugins compatible for Editor in 0.38 ms, found 1 plugins.
Preloading 0 native plugins for Editor in 0.00 ms.
Invoked RoslynAnalysisRunner static constructor.
RoslynAnalysisRunner will not be running.
RoslynAnalysisRunner has terminated.
Mono: successfully reloaded assembly
- Completed reload, in  1.018 seconds
Platform modules already initialized, skipping
Refreshing native plugins compatible for Editor in 0.58 ms, found 1 plugins.
Preloading 0 native plugins for Editor in 0.00 ms.
Unloading 1824 Unused Serialized files (Serialized files now loaded: 0)
System memory in use before: 89.3 MB.
System memory in use after: 89.3 MB.

Unloading 12 unused Assets to reduce memory usage. Loaded Objects now: 2424.
Total: 2.739200 ms (FindLiveObjects: 0.380100 ms CreateObjectMapping: 0.137300 ms MarkObjects: 2.079500 ms  DeleteObjects: 0.140000 ms)

========================================================================
Received Prepare
Registering precompiled user dll's ...
Registered in 0.001057 seconds.
Begin MonoManager ReloadAssembly
Native extension for WindowsStandalone target not found
Native extension for WebGL target not found
Refreshing native plugins compatible for Editor in 0.39 ms, found 1 plugins.
Preloading 0 native plugins for Editor in 0.00 ms.
Invoked RoslynAnalysisRunner static constructor.
RoslynAnalysisRunner will not be running.
RoslynAnalysisRunner has terminated.
Mono: successfully reloaded assembly
- Completed reload, in  1.006 seconds
Platform modules already initialized, skipping
Refreshing native plugins compatible for Editor in 0.62 ms, found 1 plugins.
Preloading 0 native plugins for Editor in 0.00 ms.
Unloading 1824 Unused Serialized files (Serialized files now loaded: 0)
System memory in use before: 89.3 MB.
System memory in use after: 89.3 MB.

Unloading 12 unused Assets to reduce memory usage. Loaded Objects now: 2428.
Total: 2.633100 ms (FindLiveObjects: 0.283300 ms CreateObjectMapping: 0.092200 ms MarkObjects: 2.126000 ms  DeleteObjects: 0.130300 ms)

========================================================================
Received Prepare
Registering precompiled user dll's ...
Registered in 0.001183 seconds.
Begin MonoManager ReloadAssembly
Native extension for WindowsStandalone target not found
Native extension for WebGL target not found
Refreshing native plugins compatible for Editor in 0.37 ms, found 1 plugins.
Preloading 0 native plugins for Editor in 0.00 ms.
Invoked RoslynAnalysisRunner static constructor.
RoslynAnalysisRunner will not be running.
RoslynAnalysisRunner has terminated.
Mono: successfully reloaded assembly
- Completed reload, in  1.017 seconds
Platform modules already initialized, skipping
Refreshing native plugins compatible for Editor in 0.41 ms, found 1 plugins.
Preloading 0 native plugins for Editor in 0.00 ms.
Unloading 1824 Unused Serialized files (Serialized files now loaded: 0)
System memory in use before: 89.4 MB.
System memory in use after: 89.3 MB.

Unloading 12 unused Assets to reduce memory usage. Loaded Objects now: 2432.
Total: 3.085400 ms (FindLiveObjects: 0.250500 ms CreateObjectMapping: 0.103500 ms MarkObjects: 2.590100 ms  DeleteObjects: 0.139300 ms)

========================================================================
Received Prepare
Registering precompiled user dll's ...
Registered in 0.000872 seconds.
Begin MonoManager ReloadAssembly
Native extension for WindowsStandalone target not found
Native extension for WebGL target not found
Refreshing native plugins compatible for Editor in 0.38 ms, found 1 plugins.
Preloading 0 native plugins for Editor in 0.00 ms.
Invoked RoslynAnalysisRunner static constructor.
RoslynAnalysisRunner will not be running.
RoslynAnalysisRunner has terminated.
Mono: successfully reloaded assembly
- Completed reload, in  0.974 seconds
Platform modules already initialized, skipping
Refreshing native plugins compatible for Editor in 0.39 ms, found 1 plugins.
Preloading 0 native plugins for Editor in 0.00 ms.
Unloading 1824 Unused Serialized files (Serialized files now loaded: 0)
System memory in use before: 89.4 MB.
System memory in use after: 89.3 MB.

Unloading 12 unused Assets to reduce memory usage. Loaded Objects now: 2436.
Total: 2.978800 ms (FindLiveObjects: 0.390400 ms CreateObjectMapping: 0.240400 ms MarkObjects: 2.199900 ms  DeleteObjects: 0.146200 ms)

========================================================================
Received Import Request.
  Time since last request: 181.947261 seconds.
  path: Assets/DungeonGenerationData.asset
  artifactKey: Guid(dfc84e3686bd8a24286fda2443bc60c1) Importer(815301076,1909f56bfc062723c751e8b465ee728b)
Start importing Assets/DungeonGenerationData.asset using Guid(dfc84e3686bd8a24286fda2443bc60c1) Importer(815301076,1909f56bfc062723c751e8b465ee728b)  -> (artifact id: '89d37eb294bdf3ec6040101863edc8f3') in 0.122932 seconds
  Import took 0.138440 seconds .

========================================================================
Received Import Request.
  Time since last request: 10.329923 seconds.
  path: Assets/BulletUp and ShootSpeedUp.prefab
  artifactKey: Guid(62f7c1b66dc5e9246b702208967784ce) Importer(815301076,1909f56bfc062723c751e8b465ee728b)
Start importing Assets/BulletUp and ShootSpeedUp.prefab using Guid(62f7c1b66dc5e9246b702208967784ce) Importer(815301076,1909f56bfc062723c751e8b465ee728b)  -> (artifact id: 'ce585733673a0ebe000f46668a152039') in 0.059690 seconds
  Import took 0.064016 seconds .

========================================================================
Received Import Request.
  Time since last request: 69.872154 seconds.
  path: Assets/Prefab
  artifactKey: Guid(12de310e08e40a347a47bb36f8c87d26) Importer(815301076,1909f56bfc062723c751e8b465ee728b)
Start importing Assets/Prefab using Guid(12de310e08e40a347a47bb36f8c87d26) Importer(815301076,1909f56bfc062723c751e8b465ee728b)  -> (artifact id: '4fdbc93af31c369dd144a292455575d2') in 0.007485 seconds
  Import took 0.029430 seconds .

========================================================================
Received Import Request.
  Time since last request: 23.016832 seconds.
  path: Assets/ObjectRoomSpawner.cs
  artifactKey: Guid(34f629d217cdead49ad1f68071e2e21d) Importer(815301076,1909f56bfc062723c751e8b465ee728b)
Start importing Assets/ObjectRoomSpawner.cs using Guid(34f629d217cdead49ad1f68071e2e21d) Importer(815301076,1909f56bfc062723c751e8b465ee728b)  -> (artifact id: '45ff46005bd31825fcb087482147fe1d') in 0.006673 seconds
  Import took 0.026146 seconds .

========================================================================
Received Prepare
Registering precompiled user dll's ...
Registered in 0.132930 seconds.
Begin MonoManager ReloadAssembly
Native extension for WindowsStandalone target not found
Native extension for WebGL target not found
Refreshing native plugins compatible for Editor in 0.38 ms, found 1 plugins.
Preloading 0 native plugins for Editor in 0.00 ms.
Invoked RoslynAnalysisRunner static constructor.
RoslynAnalysisRunner will not be running.
RoslynAnalysisRunner has terminated.
Mono: successfully reloaded assembly
- Completed reload, in  2.879 seconds
Platform modules already initialized, skipping
Refreshing native plugins compatible for Editor in 0.83 ms, found 1 plugins.
Preloading 0 native plugins for Editor in 0.00 ms.
Unloading 1824 Unused Serialized files (Serialized files now loaded: 0)
System memory in use before: 89.4 MB.
System memory in use after: 89.3 MB.

Unloading 12 unused Assets to reduce memory usage. Loaded Objects now: 2441.
Total: 3.219000 ms (FindLiveObjects: 0.283800 ms CreateObjectMapping: 0.098700 ms MarkObjects: 2.663200 ms  DeleteObjects: 0.171700 ms)

